<?xml version="1.0" encoding="UTF-8"?>
<!-- Generated by org.testng.reporters.JUnitXMLReporter -->
<testsuite ignored="0" hostname="DESKTOP-MG32LVH" failures="0" tests="5" name="Default test" time="83.181" errors="0" timestamp="2024-06-09T23:44:14 IST">
  <testcase classname="logintest.facebooktest" name="testCreateNewAccountButton" time="0.589"/>
  <testcase classname="logintest.facebooktest" name="testInputFieldValidation" time="0.107"/>
  <testcase classname="logintest.facebooktest" name="testLoginButtonValidation" time="0.072"/>
  <testcase classname="logintest.facebooktest" name="testURLValidation" time="0.04"/>
  <testcase classname="logintest.facebooktest" name="testtitleValidation" time="0.114"/>
</testsuite> <!-- Default test -->
