<?xml version="1.0" encoding="UTF-8"?>
<testng-results ignored="0" total="5" passed="5" failed="0" skipped="0">
  <reporter-output>
  </reporter-output>
  <suite started-at="2024-06-09T23:42:50 IST" name="Default suite" finished-at="2024-06-09T23:44:13 IST" duration-ms="83181">
    <groups>
    </groups>
    <test started-at="2024-06-09T23:42:50 IST" name="Default test" finished-at="2024-06-09T23:44:13 IST" duration-ms="83181">
      <class name="logintest.facebooktest">
        <test-method is-config="true" signature="browserlaunch()[pri:0, instance:logintest.facebooktest@6cd28fa7]" started-at="2024-06-09T23:42:50 IST" name="browserlaunch" finished-at="2024-06-09T23:43:25 IST" duration-ms="34647" status="PASS">
          <reporter-output>
          </reporter-output>
        </test-method> <!-- browserlaunch -->
        <test-method signature="testCreateNewAccountButton()[pri:0, instance:logintest.facebooktest@6cd28fa7]" started-at="2024-06-09T23:43:25 IST" name="testCreateNewAccountButton" finished-at="2024-06-09T23:43:26 IST" duration-ms="589" status="PASS">
          <reporter-output>
          </reporter-output>
        </test-method> <!-- testCreateNewAccountButton -->
        <test-method is-config="true" signature="browserclose()[pri:0, instance:logintest.facebooktest@6cd28fa7]" started-at="2024-06-09T23:43:26 IST" name="browserclose" finished-at="2024-06-09T23:43:29 IST" duration-ms="3605" status="PASS">
          <reporter-output>
          </reporter-output>
        </test-method> <!-- browserclose -->
        <test-method is-config="true" signature="browserlaunch()[pri:0, instance:logintest.facebooktest@6cd28fa7]" started-at="2024-06-09T23:43:29 IST" name="browserlaunch" finished-at="2024-06-09T23:43:40 IST" duration-ms="10705" status="PASS">
          <reporter-output>
          </reporter-output>
        </test-method> <!-- browserlaunch -->
        <test-method signature="testInputFieldValidation()[pri:0, instance:logintest.facebooktest@6cd28fa7]" started-at="2024-06-09T23:43:40 IST" name="testInputFieldValidation" finished-at="2024-06-09T23:43:40 IST" duration-ms="107" status="PASS">
          <reporter-output>
          </reporter-output>
        </test-method> <!-- testInputFieldValidation -->
        <test-method is-config="true" signature="browserclose()[pri:0, instance:logintest.facebooktest@6cd28fa7]" started-at="2024-06-09T23:43:40 IST" name="browserclose" finished-at="2024-06-09T23:43:41 IST" duration-ms="579" status="PASS">
          <reporter-output>
          </reporter-output>
        </test-method> <!-- browserclose -->
        <test-method is-config="true" signature="browserlaunch()[pri:0, instance:logintest.facebooktest@6cd28fa7]" started-at="2024-06-09T23:43:41 IST" name="browserlaunch" finished-at="2024-06-09T23:43:48 IST" duration-ms="7444" status="PASS">
          <reporter-output>
          </reporter-output>
        </test-method> <!-- browserlaunch -->
        <test-method signature="testLoginButtonValidation()[pri:0, instance:logintest.facebooktest@6cd28fa7]" started-at="2024-06-09T23:43:48 IST" name="testLoginButtonValidation" finished-at="2024-06-09T23:43:48 IST" duration-ms="72" status="PASS">
          <reporter-output>
          </reporter-output>
        </test-method> <!-- testLoginButtonValidation -->
        <test-method is-config="true" signature="browserclose()[pri:0, instance:logintest.facebooktest@6cd28fa7]" started-at="2024-06-09T23:43:48 IST" name="browserclose" finished-at="2024-06-09T23:43:51 IST" duration-ms="2708" status="PASS">
          <reporter-output>
          </reporter-output>
        </test-method> <!-- browserclose -->
        <test-method is-config="true" signature="browserlaunch()[pri:0, instance:logintest.facebooktest@6cd28fa7]" started-at="2024-06-09T23:43:51 IST" name="browserlaunch" finished-at="2024-06-09T23:44:02 IST" duration-ms="10914" status="PASS">
          <reporter-output>
          </reporter-output>
        </test-method> <!-- browserlaunch -->
        <test-method signature="testURLValidation()[pri:0, instance:logintest.facebooktest@6cd28fa7]" started-at="2024-06-09T23:44:02 IST" name="testURLValidation" finished-at="2024-06-09T23:44:02 IST" duration-ms="40" status="PASS">
          <reporter-output>
          </reporter-output>
        </test-method> <!-- testURLValidation -->
        <test-method is-config="true" signature="browserclose()[pri:0, instance:logintest.facebooktest@6cd28fa7]" started-at="2024-06-09T23:44:02 IST" name="browserclose" finished-at="2024-06-09T23:44:02 IST" duration-ms="562" status="PASS">
          <reporter-output>
          </reporter-output>
        </test-method> <!-- browserclose -->
        <test-method is-config="true" signature="browserlaunch()[pri:0, instance:logintest.facebooktest@6cd28fa7]" started-at="2024-06-09T23:44:02 IST" name="browserlaunch" finished-at="2024-06-09T23:44:12 IST" duration-ms="10025" status="PASS">
          <reporter-output>
          </reporter-output>
        </test-method> <!-- browserlaunch -->
        <test-method signature="testtitleValidation()[pri:0, instance:logintest.facebooktest@6cd28fa7]" started-at="2024-06-09T23:44:12 IST" name="testtitleValidation" finished-at="2024-06-09T23:44:12 IST" duration-ms="114" status="PASS">
          <reporter-output>
          </reporter-output>
        </test-method> <!-- testtitleValidation -->
        <test-method is-config="true" signature="browserclose()[pri:0, instance:logintest.facebooktest@6cd28fa7]" started-at="2024-06-09T23:44:12 IST" name="browserclose" finished-at="2024-06-09T23:44:13 IST" duration-ms="927" status="PASS">
          <reporter-output>
          </reporter-output>
        </test-method> <!-- browserclose -->
      </class> <!-- logintest.facebooktest -->
    </test> <!-- Default test -->
  </suite> <!-- Default suite -->
</testng-results>
